<?xml version="1.0" encoding="UTF-8"?>
<coverage generated="1618767803069" clover="3.2.0">
  <project timestamp="1618767803069" name="All files">
    <metrics statements="86" coveredstatements="39" conditionals="18" coveredconditionals="2" methods="22" coveredmethods="8" elements="126" coveredelements="49" complexity="0" loc="86" ncloc="86" packages="4" files="7" classes="7"/>
    <package name="FlipCardGame">
      <metrics statements="10" coveredstatements="6" conditionals="2" coveredconditionals="1" methods="4" coveredmethods="1"/>
      <file name="App.js" path="/Users/admin/Desktop/FlipCardGame/App.js">
        <metrics statements="10" coveredstatements="6" conditionals="2" coveredconditionals="1" methods="4" coveredmethods="1"/>
        <line num="7" count="1" type="stmt"/>
        <line num="9" count="1" type="stmt"/>
        <line num="10" count="0" type="stmt"/>
        <line num="13" count="1" type="stmt"/>
        <line num="14" count="0" type="stmt"/>
        <line num="15" count="0" type="stmt"/>
        <line num="18" count="1" type="stmt"/>
        <line num="19" count="0" type="stmt"/>
        <line num="21" count="1" type="stmt"/>
        <line num="37" count="1" type="stmt"/>
      </file>
    </package>
    <package name="FlipCardGame.src">
      <metrics statements="38" coveredstatements="20" conditionals="10" coveredconditionals="1" methods="10" coveredmethods="5"/>
      <file name="FlipWrapper.js" path="/Users/admin/Desktop/FlipCardGame/src/FlipWrapper.js">
        <metrics statements="37" coveredstatements="19" conditionals="10" coveredconditionals="1" methods="10" coveredmethods="5"/>
        <line num="8" count="7" type="stmt"/>
        <line num="10" count="7" type="stmt"/>
        <line num="11" count="7" type="stmt"/>
        <line num="12" count="7" type="stmt"/>
        <line num="13" count="7" type="stmt"/>
        <line num="15" count="7" type="stmt"/>
        <line num="17" count="1" type="stmt"/>
        <line num="18" count="1" type="stmt"/>
        <line num="19" count="1" type="stmt"/>
        <line num="20" count="1" type="stmt"/>
        <line num="21" count="1" type="stmt"/>
        <line num="24" count="7" type="stmt"/>
        <line num="25" count="0" type="stmt"/>
        <line num="29" count="0" type="cond" truecount="0" falsecount="2"/>
        <line num="30" count="0" type="stmt"/>
        <line num="31" count="0" type="stmt"/>
        <line num="32" count="0" type="stmt"/>
        <line num="34" count="0" type="stmt"/>
        <line num="35" count="0" type="cond" truecount="0" falsecount="2"/>
        <line num="36" count="0" type="stmt"/>
        <line num="37" count="0" type="cond" truecount="0" falsecount="2"/>
        <line num="38" count="0" type="stmt"/>
        <line num="41" count="0" type="stmt"/>
        <line num="43" count="0" type="stmt"/>
        <line num="44" count="0" type="stmt"/>
        <line num="45" count="0" type="stmt"/>
        <line num="46" count="0" type="cond" truecount="0" falsecount="2"/>
        <line num="47" count="0" type="stmt"/>
        <line num="49" count="0" type="stmt"/>
        <line num="52" count="7" type="stmt"/>
        <line num="54" count="3" type="stmt"/>
        <line num="55" count="3" type="stmt"/>
        <line num="56" count="8" type="stmt"/>
        <line num="62" count="3" type="stmt"/>
        <line num="65" count="7" type="stmt"/>
        <line num="80" count="16" type="stmt"/>
        <line num="98" count="0" type="stmt"/>
      </file>
      <file name="FlipWrapperStyle.js" path="/Users/admin/Desktop/FlipCardGame/src/FlipWrapperStyle.js">
        <metrics statements="0" coveredstatements="0" conditionals="0" coveredconditionals="0" methods="0" coveredmethods="0"/>
      </file>
      <file name="constant.js" path="/Users/admin/Desktop/FlipCardGame/src/constant.js">
        <metrics statements="1" coveredstatements="1" conditionals="0" coveredconditionals="0" methods="0" coveredmethods="0"/>
        <line num="1" count="2" type="stmt"/>
      </file>
    </package>
    <package name="FlipCardGame.src.flip-card">
      <metrics statements="23" coveredstatements="11" conditionals="4" coveredconditionals="0" methods="6" coveredmethods="2"/>
      <file name="Card.js" path="/Users/admin/Desktop/FlipCardGame/src/flip-card/Card.js">
        <metrics statements="23" coveredstatements="11" conditionals="4" coveredconditionals="0" methods="6" coveredmethods="2"/>
        <line num="12" count="16" type="stmt"/>
        <line num="13" count="16" type="stmt"/>
        <line num="14" count="16" type="stmt"/>
        <line num="16" count="16" type="stmt"/>
        <line num="21" count="16" type="stmt"/>
        <line num="26" count="16" type="stmt"/>
        <line num="27" count="8" type="stmt"/>
        <line num="30" count="16" type="stmt"/>
        <line num="31" count="0" type="stmt"/>
        <line num="32" count="0" type="stmt"/>
        <line num="33" count="0" type="stmt"/>
        <line num="34" count="0" type="cond" truecount="0" falsecount="2"/>
        <line num="35" count="0" type="stmt"/>
        <line num="42" count="0" type="stmt"/>
        <line num="43" count="0" type="stmt"/>
        <line num="44" count="0" type="stmt"/>
        <line num="45" count="0" type="cond" truecount="0" falsecount="2"/>
        <line num="46" count="0" type="stmt"/>
        <line num="47" count="0" type="stmt"/>
        <line num="56" count="0" type="stmt"/>
        <line num="65" count="16" type="stmt"/>
        <line num="69" count="16" type="stmt"/>
        <line num="72" count="16" type="stmt"/>
      </file>
      <file name="CardStyle.js" path="/Users/admin/Desktop/FlipCardGame/src/flip-card/CardStyle.js">
        <metrics statements="0" coveredstatements="0" conditionals="0" coveredconditionals="0" methods="0" coveredmethods="0"/>
      </file>
    </package>
    <package name="FlipCardGame.src.helper">
      <metrics statements="15" coveredstatements="2" conditionals="2" coveredconditionals="0" methods="2" coveredmethods="0"/>
      <file name="utility.js" path="/Users/admin/Desktop/FlipCardGame/src/helper/utility.js">
        <metrics statements="15" coveredstatements="2" conditionals="2" coveredconditionals="0" methods="2" coveredmethods="0"/>
        <line num="3" count="1" type="stmt"/>
        <line num="4" count="0" type="stmt"/>
        <line num="5" count="0" type="stmt"/>
        <line num="6" count="0" type="stmt"/>
        <line num="7" count="0" type="cond" truecount="0" falsecount="2"/>
        <line num="9" count="0" type="stmt"/>
        <line num="12" count="1" type="stmt"/>
        <line num="13" count="0" type="stmt"/>
        <line num="16" count="0" type="stmt"/>
        <line num="17" count="0" type="stmt"/>
        <line num="18" count="0" type="stmt"/>
        <line num="19" count="0" type="stmt"/>
        <line num="20" count="0" type="stmt"/>
        <line num="21" count="0" type="stmt"/>
        <line num="23" count="0" type="stmt"/>
      </file>
    </package>
  </project>
</coverage>
