{"/Users/admin/Desktop/FlipCardGame/App.js": {"path":"/Users/admin/Desktop/FlipCardGame/App.js","statementMap":{"0":{"start":{"line":7,"column":26},"end":{"line":7,"column":38}},"1":{"start":{"line":9,"column":16},"end":{"line":11,"column":3}},"2":{"start":{"line":10,"column":4},"end":{"line":10,"column":18}},"3":{"start":{"line":13,"column":2},"end":{"line":16,"column":4}},"4":{"start":{"line":14,"column":16},"end":{"line":14,"column":26}},"5":{"start":{"line":15,"column":4},"end":{"line":15,"column":17}},"6":{"start":{"line":18,"column":2},"end":{"line":20,"column":9}},"7":{"start":{"line":19,"column":4},"end":{"line":19,"column":18}},"8":{"start":{"line":21,"column":2},"end":{"line":34,"column":4}},"9":{"start":{"line":37,"column":15},"end":{"line":44,"column":2}}},"fnMap":{"0":{"name":"App","decl":{"start":{"line":6,"column":24},"end":{"line":6,"column":27}},"loc":{"start":{"line":6,"column":30},"end":{"line":35,"column":1}},"line":6},"1":{"name":"(anonymous_1)","decl":{"start":{"line":9,"column":16},"end":{"line":9,"column":17}},"loc":{"start":{"line":9,"column":22},"end":{"line":11,"column":3}},"line":9},"2":{"name":"(anonymous_2)","decl":{"start":{"line":13,"column":16},"end":{"line":13,"column":17}},"loc":{"start":{"line":13,"column":22},"end":{"line":16,"column":3}},"line":13},"3":{"name":"(anonymous_3)","decl":{"start":{"line":18,"column":12},"end":{"line":18,"column":13}},"loc":{"start":{"line":18,"column":18},"end":{"line":20,"column":3}},"line":18}},"branchMap":{"0":{"loc":{"start":{"line":28,"column":11},"end":{"line":30,"column":11}},"type":"binary-expr","locations":[{"start":{"line":28,"column":11},"end":{"line":28,"column":26}},{"start":{"line":29,"column":12},"end":{"line":29,"column":68}}],"line":28}},"s":{"0":1,"1":1,"2":0,"3":1,"4":0,"5":0,"6":1,"7":0,"8":1,"9":1},"f":{"0":1,"1":0,"2":0,"3":0},"b":{"0":[1,0]},"_coverageSchema":"1a1c01bbd47fc00a2c39e90264f33305004495a9","hash":"e130b4f1a2531303a8de119c64169b041f94dab8"}
,"/Users/admin/Desktop/FlipCardGame/src/FlipWrapper.js": {"path":"/Users/admin/Desktop/FlipCardGame/src/FlipWrapper.js","statementMap":{"0":{"start":{"line":8,"column":2},"end":{"line":8,"column":21}},"1":{"start":{"line":10,"column":34},"end":{"line":10,"column":49}},"2":{"start":{"line":11,"column":34},"end":{"line":11,"column":46}},"3":{"start":{"line":12,"column":24},"end":{"line":12,"column":39}},"4":{"start":{"line":13,"column":28},"end":{"line":13,"column":39}},"5":{"start":{"line":15,"column":20},"end":{"line":22,"column":3}},"6":{"start":{"line":17,"column":4},"end":{"line":17,"column":18}},"7":{"start":{"line":18,"column":4},"end":{"line":18,"column":20}},"8":{"start":{"line":19,"column":4},"end":{"line":19,"column":20}},"9":{"start":{"line":20,"column":4},"end":{"line":20,"column":16}},"10":{"start":{"line":21,"column":4},"end":{"line":21,"column":12}},"11":{"start":{"line":24,"column":24},"end":{"line":50,"column":3}},"12":{"start":{"line":25,"column":22},"end":{"line":25,"column":26}},"13":{"start":{"line":29,"column":4},"end":{"line":33,"column":5}},"14":{"start":{"line":30,"column":18},"end":{"line":30,"column":51}},"15":{"start":{"line":30,"column":39},"end":{"line":30,"column":50}},"16":{"start":{"line":31,"column":6},"end":{"line":31,"column":23}},"17":{"start":{"line":32,"column":6},"end":{"line":32,"column":13}},"18":{"start":{"line":34,"column":19},"end":{"line":34,"column":50}},"19":{"start":{"line":34,"column":38},"end":{"line":34,"column":49}},"20":{"start":{"line":35,"column":4},"end":{"line":42,"column":5}},"21":{"start":{"line":36,"column":6},"end":{"line":40,"column":9}},"22":{"start":{"line":37,"column":8},"end":{"line":39,"column":9}},"23":{"start":{"line":38,"column":10},"end":{"line":38,"column":52}},"24":{"start":{"line":41,"column":6},"end":{"line":41,"column":28}},"25":{"start":{"line":43,"column":25},"end":{"line":43,"column":47}},"26":{"start":{"line":44,"column":4},"end":{"line":44,"column":30}},"27":{"start":{"line":45,"column":4},"end":{"line":45,"column":46}},"28":{"start":{"line":46,"column":4},"end":{"line":48,"column":5}},"29":{"start":{"line":47,"column":6},"end":{"line":47,"column":19}},"30":{"start":{"line":49,"column":4},"end":{"line":49,"column":24}},"31":{"start":{"line":52,"column":2},"end":{"line":63,"column":14}},"32":{"start":{"line":54,"column":16},"end":{"line":54,"column":18}},"33":{"start":{"line":55,"column":4},"end":{"line":61,"column":7}},"34":{"start":{"line":56,"column":6},"end":{"line":60,"column":9}},"35":{"start":{"line":62,"column":4},"end":{"line":62,"column":21}},"36":{"start":{"line":65,"column":2},"end":{"line":105,"column":4}},"37":{"start":{"line":80,"column":10},"end":{"line":88,"column":12}},"38":{"start":{"line":98,"column":31},"end":{"line":98,"column":42}}},"fnMap":{"0":{"name":"FlipWrapper","decl":{"start":{"line":7,"column":24},"end":{"line":7,"column":35}},"loc":{"start":{"line":7,"column":54},"end":{"line":106,"column":1}},"line":7},"1":{"name":"(anonymous_1)","decl":{"start":{"line":15,"column":20},"end":{"line":15,"column":21}},"loc":{"start":{"line":15,"column":26},"end":{"line":22,"column":3}},"line":15},"2":{"name":"(anonymous_2)","decl":{"start":{"line":24,"column":24},"end":{"line":24,"column":25}},"loc":{"start":{"line":24,"column":40},"end":{"line":50,"column":3}},"line":24},"3":{"name":"(anonymous_3)","decl":{"start":{"line":30,"column":34},"end":{"line":30,"column":35}},"loc":{"start":{"line":30,"column":39},"end":{"line":30,"column":50}},"line":30},"4":{"name":"(anonymous_4)","decl":{"start":{"line":34,"column":33},"end":{"line":34,"column":34}},"loc":{"start":{"line":34,"column":38},"end":{"line":34,"column":49}},"line":34},"5":{"name":"(anonymous_5)","decl":{"start":{"line":36,"column":22},"end":{"line":36,"column":23}},"loc":{"start":{"line":36,"column":30},"end":{"line":40,"column":7}},"line":36},"6":{"name":"(anonymous_6)","decl":{"start":{"line":52,"column":12},"end":{"line":52,"column":13}},"loc":{"start":{"line":52,"column":18},"end":{"line":63,"column":3}},"line":52},"7":{"name":"(anonymous_7)","decl":{"start":{"line":55,"column":18},"end":{"line":55,"column":19}},"loc":{"start":{"line":55,"column":35},"end":{"line":61,"column":5}},"line":55},"8":{"name":"(anonymous_8)","decl":{"start":{"line":79,"column":22},"end":{"line":79,"column":23}},"loc":{"start":{"line":79,"column":39},"end":{"line":89,"column":9}},"line":79},"9":{"name":"(anonymous_9)","decl":{"start":{"line":98,"column":25},"end":{"line":98,"column":26}},"loc":{"start":{"line":98,"column":31},"end":{"line":98,"column":42}},"line":98}},"branchMap":{"0":{"loc":{"start":{"line":29,"column":4},"end":{"line":33,"column":5}},"type":"if","locations":[{"start":{"line":29,"column":4},"end":{"line":33,"column":5}},{"start":{"line":29,"column":4},"end":{"line":33,"column":5}}],"line":29},"1":{"loc":{"start":{"line":35,"column":4},"end":{"line":42,"column":5}},"type":"if","locations":[{"start":{"line":35,"column":4},"end":{"line":42,"column":5}},{"start":{"line":35,"column":4},"end":{"line":42,"column":5}}],"line":35},"2":{"loc":{"start":{"line":37,"column":8},"end":{"line":39,"column":9}},"type":"if","locations":[{"start":{"line":37,"column":8},"end":{"line":39,"column":9}},{"start":{"line":37,"column":8},"end":{"line":39,"column":9}}],"line":37},"3":{"loc":{"start":{"line":46,"column":4},"end":{"line":48,"column":5}},"type":"if","locations":[{"start":{"line":46,"column":4},"end":{"line":48,"column":5}},{"start":{"line":46,"column":4},"end":{"line":48,"column":5}}],"line":46},"4":{"loc":{"start":{"line":91,"column":9},"end":{"line":102,"column":11}},"type":"binary-expr","locations":[{"start":{"line":91,"column":9},"end":{"line":91,"column":12}},{"start":{"line":92,"column":10},"end":{"line":102,"column":11}}],"line":91}},"s":{"0":7,"1":7,"2":7,"3":7,"4":7,"5":7,"6":1,"7":1,"8":1,"9":1,"10":1,"11":7,"12":0,"13":0,"14":0,"15":0,"16":0,"17":0,"18":0,"19":0,"20":0,"21":0,"22":0,"23":0,"24":0,"25":0,"26":0,"27":0,"28":0,"29":0,"30":0,"31":7,"32":3,"33":3,"34":8,"35":3,"36":7,"37":16,"38":0},"f":{"0":7,"1":1,"2":0,"3":0,"4":0,"5":0,"6":3,"7":8,"8":16,"9":0},"b":{"0":[0,0],"1":[0,0],"2":[0,0],"3":[0,0],"4":[7,0]},"_coverageSchema":"1a1c01bbd47fc00a2c39e90264f33305004495a9","hash":"7f55bffc945f6a10a34a42d6fe7be458155ed41a"}
,"/Users/admin/Desktop/FlipCardGame/src/FlipWrapperStyle.js": {"path":"/Users/admin/Desktop/FlipCardGame/src/FlipWrapperStyle.js","statementMap":{},"fnMap":{},"branchMap":{},"s":{},"f":{},"b":{},"_coverageSchema":"1a1c01bbd47fc00a2c39e90264f33305004495a9","hash":"48d5f6632148e7ef27eb48cad5fc5fa2dbd2df9c"}
,"/Users/admin/Desktop/FlipCardGame/src/constant.js": {"path":"/Users/admin/Desktop/FlipCardGame/src/constant.js","statementMap":{"0":{"start":{"line":1,"column":32},"end":{"line":1,"column":33}}},"fnMap":{},"branchMap":{},"s":{"0":2},"f":{},"b":{},"_coverageSchema":"1a1c01bbd47fc00a2c39e90264f33305004495a9","hash":"ba8f4bad337643122d2f3d02cf06cd8f02454695"}
,"/Users/admin/Desktop/FlipCardGame/src/flip-card/Card.js": {"path":"/Users/admin/Desktop/FlipCardGame/src/flip-card/Card.js","statementMap":{"0":{"start":{"line":12,"column":20},"end":{"line":12,"column":24}},"1":{"start":{"line":13,"column":44},"end":{"line":13,"column":75}},"2":{"start":{"line":14,"column":19},"end":{"line":14,"column":27}},"3":{"start":{"line":16,"column":27},"end":{"line":19,"column":4}},"4":{"start":{"line":21,"column":26},"end":{"line":24,"column":4}},"5":{"start":{"line":26,"column":2},"end":{"line":28,"column":17}},"6":{"start":{"line":27,"column":4},"end":{"line":27,"column":32}},"7":{"start":{"line":30,"column":19},"end":{"line":63,"column":3}},"8":{"start":{"line":31,"column":4},"end":{"line":31,"column":28}},"9":{"start":{"line":32,"column":17},"end":{"line":32,"column":33}},"10":{"start":{"line":33,"column":19},"end":{"line":33,"column":51}},"11":{"start":{"line":33,"column":34},"end":{"line":33,"column":50}},"12":{"start":{"line":34,"column":4},"end":{"line":62,"column":5}},"13":{"start":{"line":35,"column":6},"end":{"line":40,"column":17}},"14":{"start":{"line":42,"column":6},"end":{"line":54,"column":15}},"15":{"start":{"line":43,"column":21},"end":{"line":43,"column":37}},"16":{"start":{"line":44,"column":30},"end":{"line":44,"column":64}},"17":{"start":{"line":44,"column":47},"end":{"line":44,"column":63}},"18":{"start":{"line":45,"column":8},"end":{"line":53,"column":9}},"19":{"start":{"line":46,"column":10},"end":{"line":46,"column":37}},"20":{"start":{"line":47,"column":10},"end":{"line":52,"column":21}},"21":{"start":{"line":56,"column":6},"end":{"line":61,"column":17}},"22":{"start":{"line":65,"column":29},"end":{"line":67,"column":3}},"23":{"start":{"line":69,"column":28},"end":{"line":71,"column":3}},"24":{"start":{"line":72,"column":2},"end":{"line":90,"column":4}}},"fnMap":{"0":{"name":"Card","decl":{"start":{"line":11,"column":24},"end":{"line":11,"column":28}},"loc":{"start":{"line":11,"column":61},"end":{"line":91,"column":1}},"line":11},"1":{"name":"(anonymous_1)","decl":{"start":{"line":26,"column":12},"end":{"line":26,"column":13}},"loc":{"start":{"line":26,"column":18},"end":{"line":28,"column":3}},"line":26},"2":{"name":"(anonymous_2)","decl":{"start":{"line":30,"column":19},"end":{"line":30,"column":20}},"loc":{"start":{"line":30,"column":25},"end":{"line":63,"column":3}},"line":30},"3":{"name":"(anonymous_3)","decl":{"start":{"line":33,"column":29},"end":{"line":33,"column":30}},"loc":{"start":{"line":33,"column":34},"end":{"line":33,"column":50}},"line":33},"4":{"name":"(anonymous_4)","decl":{"start":{"line":42,"column":17},"end":{"line":42,"column":18}},"loc":{"start":{"line":42,"column":23},"end":{"line":54,"column":7}},"line":42},"5":{"name":"(anonymous_5)","decl":{"start":{"line":44,"column":42},"end":{"line":44,"column":43}},"loc":{"start":{"line":44,"column":47},"end":{"line":44,"column":63}},"line":44}},"branchMap":{"0":{"loc":{"start":{"line":34,"column":4},"end":{"line":62,"column":5}},"type":"if","locations":[{"start":{"line":34,"column":4},"end":{"line":62,"column":5}},{"start":{"line":34,"column":4},"end":{"line":62,"column":5}}],"line":34},"1":{"loc":{"start":{"line":45,"column":8},"end":{"line":53,"column":9}},"type":"if","locations":[{"start":{"line":45,"column":8},"end":{"line":53,"column":9}},{"start":{"line":45,"column":8},"end":{"line":53,"column":9}}],"line":45}},"s":{"0":16,"1":16,"2":16,"3":16,"4":16,"5":16,"6":8,"7":16,"8":0,"9":0,"10":0,"11":0,"12":0,"13":0,"14":0,"15":0,"16":0,"17":0,"18":0,"19":0,"20":0,"21":0,"22":16,"23":16,"24":16},"f":{"0":16,"1":8,"2":0,"3":0,"4":0,"5":0},"b":{"0":[0,0],"1":[0,0]},"_coverageSchema":"1a1c01bbd47fc00a2c39e90264f33305004495a9","hash":"f6b2e8807d0f78e0dc412fbbb15afe0f20cf3853"}
,"/Users/admin/Desktop/FlipCardGame/src/flip-card/CardStyle.js": {"path":"/Users/admin/Desktop/FlipCardGame/src/flip-card/CardStyle.js","statementMap":{},"fnMap":{},"branchMap":{},"s":{},"f":{},"b":{},"_coverageSchema":"1a1c01bbd47fc00a2c39e90264f33305004495a9","hash":"439af72fafd285646b5fc1a1c290f600ff8cea13"}
,"/Users/admin/Desktop/FlipCardGame/src/helper/utility.js": {"path":"/Users/admin/Desktop/FlipCardGame/src/helper/utility.js","statementMap":{"0":{"start":{"line":3,"column":24},"end":{"line":10,"column":1}},"1":{"start":{"line":4,"column":14},"end":{"line":4,"column":16}},"2":{"start":{"line":5,"column":2},"end":{"line":8,"column":3}},"3":{"start":{"line":6,"column":14},"end":{"line":6,"column":49}},"4":{"start":{"line":7,"column":4},"end":{"line":7,"column":43}},"5":{"start":{"line":7,"column":31},"end":{"line":7,"column":43}},"6":{"start":{"line":9,"column":2},"end":{"line":9,"column":25}},"7":{"start":{"line":12,"column":28},"end":{"line":24,"column":1}},"8":{"start":{"line":13,"column":19},"end":{"line":13,"column":31}},"9":{"start":{"line":16,"column":2},"end":{"line":22,"column":3}},"10":{"start":{"line":17,"column":4},"end":{"line":17,"column":54}},"11":{"start":{"line":18,"column":4},"end":{"line":18,"column":20}},"12":{"start":{"line":19,"column":4},"end":{"line":19,"column":33}},"13":{"start":{"line":20,"column":4},"end":{"line":20,"column":40}},"14":{"start":{"line":21,"column":4},"end":{"line":21,"column":31}},"15":{"start":{"line":23,"column":2},"end":{"line":23,"column":15}}},"fnMap":{"0":{"name":"(anonymous_0)","decl":{"start":{"line":3,"column":24},"end":{"line":3,"column":25}},"loc":{"start":{"line":3,"column":30},"end":{"line":10,"column":1}},"line":3},"1":{"name":"(anonymous_1)","decl":{"start":{"line":12,"column":28},"end":{"line":12,"column":29}},"loc":{"start":{"line":12,"column":37},"end":{"line":24,"column":1}},"line":12}},"branchMap":{"0":{"loc":{"start":{"line":7,"column":4},"end":{"line":7,"column":43}},"type":"if","locations":[{"start":{"line":7,"column":4},"end":{"line":7,"column":43}},{"start":{"line":7,"column":4},"end":{"line":7,"column":43}}],"line":7}},"s":{"0":1,"1":0,"2":0,"3":0,"4":0,"5":0,"6":0,"7":1,"8":0,"9":0,"10":0,"11":0,"12":0,"13":0,"14":0,"15":0},"f":{"0":0,"1":0},"b":{"0":[0,0]},"_coverageSchema":"1a1c01bbd47fc00a2c39e90264f33305004495a9","hash":"87e1a0b938eaaa11a4d2de3d9d3a4693b1e1bad3"}
}
