{"/Users/admin/Desktop/FlipCardGame/App.js": {"path":"/Users/admin/Desktop/FlipCardGame/App.js","statementMap":{"0":{"start":{"line":7,"column":26},"end":{"line":7,"column":38}},"1":{"start":{"line":9,"column":16},"end":{"line":11,"column":3}},"2":{"start":{"line":10,"column":4},"end":{"line":10,"column":18}},"3":{"start":{"line":13,"column":2},"end":{"line":16,"column":4}},"4":{"start":{"line":14,"column":16},"end":{"line":14,"column":26}},"5":{"start":{"line":15,"column":4},"end":{"line":15,"column":17}},"6":{"start":{"line":18,"column":2},"end":{"line":20,"column":9}},"7":{"start":{"line":19,"column":4},"end":{"line":19,"column":18}},"8":{"start":{"line":21,"column":2},"end":{"line":31,"column":4}},"9":{"start":{"line":34,"column":15},"end":{"line":41,"column":2}}},"fnMap":{"0":{"name":"App","decl":{"start":{"line":6,"column":24},"end":{"line":6,"column":27}},"loc":{"start":{"line":6,"column":30},"end":{"line":32,"column":1}},"line":6},"1":{"name":"(anonymous_1)","decl":{"start":{"line":9,"column":16},"end":{"line":9,"column":17}},"loc":{"start":{"line":9,"column":22},"end":{"line":11,"column":3}},"line":9},"2":{"name":"(anonymous_2)","decl":{"start":{"line":13,"column":16},"end":{"line":13,"column":17}},"loc":{"start":{"line":13,"column":22},"end":{"line":16,"column":3}},"line":13},"3":{"name":"(anonymous_3)","decl":{"start":{"line":18,"column":12},"end":{"line":18,"column":13}},"loc":{"start":{"line":18,"column":18},"end":{"line":20,"column":3}},"line":18}},"branchMap":{"0":{"loc":{"start":{"line":26,"column":9},"end":{"line":28,"column":9}},"type":"binary-expr","locations":[{"start":{"line":26,"column":9},"end":{"line":26,"column":24}},{"start":{"line":27,"column":10},"end":{"line":27,"column":66}}],"line":26}},"s":{"0":3,"1":3,"2":0,"3":3,"4":1,"5":1,"6":3,"7":1,"8":3,"9":2},"f":{"0":3,"1":0,"2":1,"3":1},"b":{"0":[3,1]},"_coverageSchema":"1a1c01bbd47fc00a2c39e90264f33305004495a9","hash":"67791eff42c2aced39cd86794dfe2493bd031ecc"}
,"/Users/admin/Desktop/FlipCardGame/src/FlipWrapper.js": {"path":"/Users/admin/Desktop/FlipCardGame/src/FlipWrapper.js","statementMap":{"0":{"start":{"line":8,"column":34},"end":{"line":8,"column":49}},"1":{"start":{"line":9,"column":34},"end":{"line":9,"column":46}},"2":{"start":{"line":10,"column":24},"end":{"line":10,"column":39}},"3":{"start":{"line":11,"column":28},"end":{"line":11,"column":39}},"4":{"start":{"line":13,"column":20},"end":{"line":20,"column":3}},"5":{"start":{"line":15,"column":4},"end":{"line":15,"column":18}},"6":{"start":{"line":16,"column":4},"end":{"line":16,"column":20}},"7":{"start":{"line":17,"column":4},"end":{"line":17,"column":20}},"8":{"start":{"line":18,"column":4},"end":{"line":18,"column":16}},"9":{"start":{"line":19,"column":4},"end":{"line":19,"column":12}},"10":{"start":{"line":22,"column":24},"end":{"line":39,"column":3}},"11":{"start":{"line":23,"column":20},"end":{"line":23,"column":24}},"12":{"start":{"line":24,"column":21},"end":{"line":24,"column":31}},"13":{"start":{"line":28,"column":4},"end":{"line":38,"column":5}},"14":{"start":{"line":29,"column":18},"end":{"line":29,"column":51}},"15":{"start":{"line":29,"column":39},"end":{"line":29,"column":50}},"16":{"start":{"line":30,"column":6},"end":{"line":30,"column":23}},"17":{"start":{"line":32,"column":27},"end":{"line":32,"column":49}},"18":{"start":{"line":33,"column":6},"end":{"line":33,"column":32}},"19":{"start":{"line":34,"column":6},"end":{"line":36,"column":7}},"20":{"start":{"line":35,"column":8},"end":{"line":35,"column":21}},"21":{"start":{"line":37,"column":6},"end":{"line":37,"column":26}},"22":{"start":{"line":41,"column":2},"end":{"line":47,"column":14}},"23":{"start":{"line":43,"column":27},"end":{"line":45,"column":6}},"24":{"start":{"line":44,"column":6},"end":{"line":44,"column":24}},"25":{"start":{"line":46,"column":4},"end":{"line":46,"column":32}},"26":{"start":{"line":49,"column":2},"end":{"line":95,"column":4}},"27":{"start":{"line":70,"column":10},"end":{"line":78,"column":12}},"28":{"start":{"line":88,"column":31},"end":{"line":88,"column":42}}},"fnMap":{"0":{"name":"FlipWrapper","decl":{"start":{"line":7,"column":24},"end":{"line":7,"column":35}},"loc":{"start":{"line":7,"column":52},"end":{"line":96,"column":1}},"line":7},"1":{"name":"(anonymous_1)","decl":{"start":{"line":13,"column":20},"end":{"line":13,"column":21}},"loc":{"start":{"line":13,"column":26},"end":{"line":20,"column":3}},"line":13},"2":{"name":"(anonymous_2)","decl":{"start":{"line":22,"column":24},"end":{"line":22,"column":25}},"loc":{"start":{"line":22,"column":46},"end":{"line":39,"column":3}},"line":22},"3":{"name":"(anonymous_3)","decl":{"start":{"line":29,"column":34},"end":{"line":29,"column":35}},"loc":{"start":{"line":29,"column":39},"end":{"line":29,"column":50}},"line":29},"4":{"name":"(anonymous_4)","decl":{"start":{"line":41,"column":12},"end":{"line":41,"column":13}},"loc":{"start":{"line":41,"column":18},"end":{"line":47,"column":3}},"line":41},"5":{"name":"(anonymous_5)","decl":{"start":{"line":43,"column":37},"end":{"line":43,"column":38}},"loc":{"start":{"line":43,"column":42},"end":{"line":45,"column":5}},"line":43},"6":{"name":"(anonymous_6)","decl":{"start":{"line":69,"column":22},"end":{"line":69,"column":23}},"loc":{"start":{"line":69,"column":39},"end":{"line":79,"column":9}},"line":69},"7":{"name":"(anonymous_7)","decl":{"start":{"line":88,"column":25},"end":{"line":88,"column":26}},"loc":{"start":{"line":88,"column":31},"end":{"line":88,"column":42}},"line":88}},"branchMap":{"0":{"loc":{"start":{"line":24,"column":21},"end":{"line":24,"column":31}},"type":"binary-expr","locations":[{"start":{"line":24,"column":21},"end":{"line":24,"column":25}},{"start":{"line":24,"column":29},"end":{"line":24,"column":31}}],"line":24},"1":{"loc":{"start":{"line":28,"column":4},"end":{"line":38,"column":5}},"type":"if","locations":[{"start":{"line":28,"column":4},"end":{"line":38,"column":5}},{"start":{"line":28,"column":4},"end":{"line":38,"column":5}}],"line":28},"2":{"loc":{"start":{"line":34,"column":6},"end":{"line":36,"column":7}},"type":"if","locations":[{"start":{"line":34,"column":6},"end":{"line":36,"column":7}},{"start":{"line":34,"column":6},"end":{"line":36,"column":7}}],"line":34},"3":{"loc":{"start":{"line":81,"column":9},"end":{"line":92,"column":11}},"type":"binary-expr","locations":[{"start":{"line":81,"column":9},"end":{"line":81,"column":12}},{"start":{"line":82,"column":10},"end":{"line":92,"column":11}}],"line":81}},"s":{"0":7,"1":7,"2":7,"3":7,"4":7,"5":1,"6":1,"7":1,"8":1,"9":1,"10":7,"11":0,"12":0,"13":0,"14":0,"15":0,"16":0,"17":0,"18":0,"19":0,"20":0,"21":0,"22":7,"23":3,"24":12,"25":3,"26":7,"27":24,"28":0},"f":{"0":7,"1":1,"2":0,"3":0,"4":3,"5":12,"6":24,"7":0},"b":{"0":[0,0],"1":[0,0],"2":[0,0],"3":[7,0]},"_coverageSchema":"1a1c01bbd47fc00a2c39e90264f33305004495a9","hash":"2151db97024bb168a769ee65d4d4cef58e20f38f"}
,"/Users/admin/Desktop/FlipCardGame/src/FlipWrapperStyle.js": {"path":"/Users/admin/Desktop/FlipCardGame/src/FlipWrapperStyle.js","statementMap":{},"fnMap":{},"branchMap":{},"s":{},"f":{},"b":{},"_coverageSchema":"1a1c01bbd47fc00a2c39e90264f33305004495a9","hash":"48d5f6632148e7ef27eb48cad5fc5fa2dbd2df9c"}
,"/Users/admin/Desktop/FlipCardGame/src/constant.js": {"path":"/Users/admin/Desktop/FlipCardGame/src/constant.js","statementMap":{"0":{"start":{"line":1,"column":32},"end":{"line":1,"column":33}}},"fnMap":{},"branchMap":{},"s":{"0":3},"f":{},"b":{},"_coverageSchema":"1a1c01bbd47fc00a2c39e90264f33305004495a9","hash":"ba8f4bad337643122d2f3d02cf06cd8f02454695"}
,"/Users/admin/Desktop/FlipCardGame/src/flip-card/Card.js": {"path":"/Users/admin/Desktop/FlipCardGame/src/flip-card/Card.js","statementMap":{"0":{"start":{"line":17,"column":2},"end":{"line":17,"column":28}},"1":{"start":{"line":19,"column":20},"end":{"line":19,"column":24}},"2":{"start":{"line":20,"column":44},"end":{"line":20,"column":75}},"3":{"start":{"line":21,"column":19},"end":{"line":21,"column":29}},"4":{"start":{"line":23,"column":27},"end":{"line":26,"column":4}},"5":{"start":{"line":28,"column":26},"end":{"line":31,"column":4}},"6":{"start":{"line":33,"column":2},"end":{"line":35,"column":17}},"7":{"start":{"line":34,"column":4},"end":{"line":34,"column":32}},"8":{"start":{"line":37,"column":19},"end":{"line":70,"column":3}},"9":{"start":{"line":38,"column":17},"end":{"line":38,"column":33}},"10":{"start":{"line":39,"column":4},"end":{"line":39,"column":34}},"11":{"start":{"line":40,"column":19},"end":{"line":40,"column":51}},"12":{"start":{"line":40,"column":34},"end":{"line":40,"column":50}},"13":{"start":{"line":41,"column":4},"end":{"line":69,"column":5}},"14":{"start":{"line":42,"column":6},"end":{"line":47,"column":17}},"15":{"start":{"line":49,"column":6},"end":{"line":61,"column":15}},"16":{"start":{"line":50,"column":21},"end":{"line":50,"column":37}},"17":{"start":{"line":51,"column":30},"end":{"line":51,"column":64}},"18":{"start":{"line":51,"column":47},"end":{"line":51,"column":63}},"19":{"start":{"line":52,"column":8},"end":{"line":60,"column":9}},"20":{"start":{"line":53,"column":10},"end":{"line":58,"column":21}},"21":{"start":{"line":59,"column":10},"end":{"line":59,"column":43}},"22":{"start":{"line":63,"column":6},"end":{"line":68,"column":17}},"23":{"start":{"line":72,"column":29},"end":{"line":74,"column":3}},"24":{"start":{"line":76,"column":28},"end":{"line":78,"column":3}},"25":{"start":{"line":79,"column":2},"end":{"line":97,"column":4}}},"fnMap":{"0":{"name":"Card","decl":{"start":{"line":16,"column":24},"end":{"line":16,"column":28}},"loc":{"start":{"line":16,"column":61},"end":{"line":98,"column":1}},"line":16},"1":{"name":"(anonymous_1)","decl":{"start":{"line":33,"column":12},"end":{"line":33,"column":13}},"loc":{"start":{"line":33,"column":18},"end":{"line":35,"column":3}},"line":33},"2":{"name":"(anonymous_2)","decl":{"start":{"line":37,"column":19},"end":{"line":37,"column":20}},"loc":{"start":{"line":37,"column":25},"end":{"line":70,"column":3}},"line":37},"3":{"name":"(anonymous_3)","decl":{"start":{"line":40,"column":29},"end":{"line":40,"column":30}},"loc":{"start":{"line":40,"column":34},"end":{"line":40,"column":50}},"line":40},"4":{"name":"(anonymous_4)","decl":{"start":{"line":49,"column":17},"end":{"line":49,"column":18}},"loc":{"start":{"line":49,"column":23},"end":{"line":61,"column":7}},"line":49},"5":{"name":"(anonymous_5)","decl":{"start":{"line":51,"column":42},"end":{"line":51,"column":43}},"loc":{"start":{"line":51,"column":47},"end":{"line":51,"column":63}},"line":51}},"branchMap":{"0":{"loc":{"start":{"line":41,"column":4},"end":{"line":69,"column":5}},"type":"if","locations":[{"start":{"line":41,"column":4},"end":{"line":69,"column":5}},{"start":{"line":41,"column":4},"end":{"line":69,"column":5}}],"line":41},"1":{"loc":{"start":{"line":52,"column":8},"end":{"line":60,"column":9}},"type":"if","locations":[{"start":{"line":52,"column":8},"end":{"line":60,"column":9}},{"start":{"line":52,"column":8},"end":{"line":60,"column":9}}],"line":52}},"s":{"0":1,"1":1,"2":1,"3":1,"4":1,"5":1,"6":1,"7":1,"8":1,"9":0,"10":0,"11":0,"12":0,"13":0,"14":0,"15":0,"16":0,"17":0,"18":0,"19":0,"20":0,"21":0,"22":0,"23":1,"24":1,"25":1},"f":{"0":1,"1":1,"2":0,"3":0,"4":0,"5":0},"b":{"0":[0,0],"1":[0,0]},"_coverageSchema":"1a1c01bbd47fc00a2c39e90264f33305004495a9","hash":"66a631d115145c134b49a21e7147cdcd805bc066"}
,"/Users/admin/Desktop/FlipCardGame/src/flip-card/CardStyle.js": {"path":"/Users/admin/Desktop/FlipCardGame/src/flip-card/CardStyle.js","statementMap":{},"fnMap":{},"branchMap":{},"s":{},"f":{},"b":{},"_coverageSchema":"1a1c01bbd47fc00a2c39e90264f33305004495a9","hash":"439af72fafd285646b5fc1a1c290f600ff8cea13"}
,"/Users/admin/Desktop/FlipCardGame/src/helper/utility.js": {"path":"/Users/admin/Desktop/FlipCardGame/src/helper/utility.js","statementMap":{"0":{"start":{"line":3,"column":24},"end":{"line":10,"column":1}},"1":{"start":{"line":4,"column":14},"end":{"line":4,"column":16}},"2":{"start":{"line":5,"column":2},"end":{"line":8,"column":3}},"3":{"start":{"line":6,"column":14},"end":{"line":6,"column":49}},"4":{"start":{"line":7,"column":4},"end":{"line":7,"column":43}},"5":{"start":{"line":7,"column":31},"end":{"line":7,"column":43}},"6":{"start":{"line":9,"column":2},"end":{"line":9,"column":25}},"7":{"start":{"line":12,"column":28},"end":{"line":24,"column":1}},"8":{"start":{"line":13,"column":19},"end":{"line":13,"column":31}},"9":{"start":{"line":16,"column":2},"end":{"line":22,"column":3}},"10":{"start":{"line":17,"column":4},"end":{"line":17,"column":54}},"11":{"start":{"line":18,"column":4},"end":{"line":18,"column":20}},"12":{"start":{"line":19,"column":4},"end":{"line":19,"column":33}},"13":{"start":{"line":20,"column":4},"end":{"line":20,"column":40}},"14":{"start":{"line":21,"column":4},"end":{"line":21,"column":31}},"15":{"start":{"line":23,"column":2},"end":{"line":23,"column":15}}},"fnMap":{"0":{"name":"(anonymous_0)","decl":{"start":{"line":3,"column":24},"end":{"line":3,"column":25}},"loc":{"start":{"line":3,"column":30},"end":{"line":10,"column":1}},"line":3},"1":{"name":"(anonymous_1)","decl":{"start":{"line":12,"column":28},"end":{"line":12,"column":29}},"loc":{"start":{"line":12,"column":37},"end":{"line":24,"column":1}},"line":12}},"branchMap":{"0":{"loc":{"start":{"line":7,"column":4},"end":{"line":7,"column":43}},"type":"if","locations":[{"start":{"line":7,"column":4},"end":{"line":7,"column":43}},{"start":{"line":7,"column":4},"end":{"line":7,"column":43}}],"line":7}},"s":{"0":2,"1":1,"2":1,"3":4,"4":4,"5":4,"6":1,"7":2,"8":1,"9":1,"10":8,"11":8,"12":8,"13":8,"14":8,"15":1},"f":{"0":1,"1":1},"b":{"0":[4,0]},"_coverageSchema":"1a1c01bbd47fc00a2c39e90264f33305004495a9","hash":"87e1a0b938eaaa11a4d2de3d9d3a4693b1e1bad3"}
}
